<?xml version="1.0" encoding="UTF-8"?>
<TestRun id="b0e7e67c-2ad5-4a61-a052-9481b8b2e6ad" name="Jon@JON-PC 2010-05-05 21:36:22" runUser="Jon-PC\Jon" xmlns="http://microsoft.com/schemas/VisualStudio/TeamTest/2006">
  <TestRunConfiguration name="Local Test Run" id="d07d61b6-265c-4284-a92a-f971a90cc028">
    <Description>This is a default test run configuration for a local test run.</Description>
    <Deployment runDeploymentRoot="C:\Users\Jon\Documents\Projects\thoughtworks\TestResults\Jon_JON-PC 2010-05-05 21_36_22">
      <DeploymentItem filename="C:\Users\Jon\Documents\Projects\thoughtworks\thoughtworks\bin\Debug\thoughtworks.exe" />
    </Deployment>
    <TestTypeSpecific />
  </TestRunConfiguration>
  <ResultSummary outcome="Failed">
    <Counters total="2" executed="2" error="0" failed="2" timeout="0" aborted="0" inconclusive="0" passedButRunAborted="0" notRunnable="0" notExecuted="0" disconnected="0" warning="0" passed="0" completed="0" inProgress="0" pending="0" />
  </ResultSummary>
  <Times creation="2010-05-05T21:36:22.7022541-06:00" queuing="2010-05-05T21:36:24.4093518-06:00" start="2010-05-05T21:36:24.6193638-06:00" finish="2010-05-05T21:36:25.2744013-06:00" />
  <TestDefinitions>
    <UnitTest name="SingleItemValueCheck" storage="c:\users\jon\documents\projects\thoughtworks\thoughtworkstests\bin\debug\thoughtworkstests.dll" id="0a5d26c7-35b4-4af3-2da6-e5c39de53a21">
      <Css projectStructure="" iteration="" />
      <Owners>
        <Owner name="" />
      </Owners>
      <Execution id="76b2e4ba-5098-4afd-baca-4d8138da1029" />
      <TestMethod codeBase="C:\Users\Jon\Documents\Projects\thoughtworks\thoughtworkstests\bin\Debug\thoughtworkstests.dll" adapterTypeName="Microsoft.VisualStudio.TestTools.TestTypes.Unit.UnitTestAdapter, Microsoft.VisualStudio.QualityTools.Tips.UnitTest.Adapter, Version=9.0.0.0, Culture=neutral, PublicKeyToken=b03f5f7f11d50a3a" className="thoughtworkstests.ItemFactoryTests, thoughtworkstests" name="SingleItemValueCheck" />
    </UnitTest>
    <UnitTest name="SimpleParse" storage="c:\users\jon\documents\projects\thoughtworks\thoughtworkstests\bin\debug\thoughtworkstests.dll" id="9e2cabc1-6901-56ae-4a55-904eb408255a">
      <Css projectStructure="" iteration="" />
      <Owners>
        <Owner name="" />
      </Owners>
      <Execution id="8beda446-6dcd-4f21-823a-486253e273d2" />
      <TestMethod codeBase="C:\Users\Jon\Documents\Projects\thoughtworks\thoughtworkstests\bin\Debug\thoughtworkstests.dll" adapterTypeName="Microsoft.VisualStudio.TestTools.TestTypes.Unit.UnitTestAdapter, Microsoft.VisualStudio.QualityTools.Tips.UnitTest.Adapter, Version=9.0.0.0, Culture=neutral, PublicKeyToken=b03f5f7f11d50a3a" className="thoughtworkstests.ItemFactoryTests, thoughtworkstests" name="SimpleParse" />
    </UnitTest>
  </TestDefinitions>
  <TestLists>
    <TestList name="Results Not in a List" id="8c84fa94-04c1-424b-9868-57a2d4851a1d" />
    <TestList name="All Loaded Results" id="19431567-8539-422a-85d7-44ee4e166bda" />
  </TestLists>
  <TestEntries>
    <TestEntry testId="0a5d26c7-35b4-4af3-2da6-e5c39de53a21" executionId="76b2e4ba-5098-4afd-baca-4d8138da1029" testListId="8c84fa94-04c1-424b-9868-57a2d4851a1d" />
    <TestEntry testId="9e2cabc1-6901-56ae-4a55-904eb408255a" executionId="8beda446-6dcd-4f21-823a-486253e273d2" testListId="8c84fa94-04c1-424b-9868-57a2d4851a1d" />
  </TestEntries>
  <Results>
    <UnitTestResult executionId="76b2e4ba-5098-4afd-baca-4d8138da1029" testId="0a5d26c7-35b4-4af3-2da6-e5c39de53a21" testName="SingleItemValueCheck" computerName="JON-PC" duration="00:00:00.0354516" startTime="2010-05-05T21:36:24.6993684-06:00" endTime="2010-05-05T21:36:25.1703953-06:00" testType="13cdc9d9-ddb5-4fa4-a97d-d965ccfc6d4b" outcome="Failed" testListId="8c84fa94-04c1-424b-9868-57a2d4851a1d">
      <Output>
        <ErrorInfo>
          <Message>Test method thoughtworkstests.ItemFactoryTests.SingleItemValueCheck threw exception:  System.NullReferenceException: Object reference not set to an instance of an object..</Message>
          <StackTrace>    at thoughtworkstests.ItemFactoryTests.SingleItemValueCheck() in C:\Users\Jon\Documents\Projects\thoughtworks\thoughtworkstests\ItemFactoryTests.cs:line 88
</StackTrace>
        </ErrorInfo>
      </Output>
    </UnitTestResult>
    <UnitTestResult executionId="8beda446-6dcd-4f21-823a-486253e273d2" testId="9e2cabc1-6901-56ae-4a55-904eb408255a" testName="SimpleParse" computerName="JON-PC" duration="00:00:00.0081820" startTime="2010-05-05T21:36:25.1773957-06:00" endTime="2010-05-05T21:36:25.1893964-06:00" testType="13cdc9d9-ddb5-4fa4-a97d-d965ccfc6d4b" outcome="Failed" testListId="8c84fa94-04c1-424b-9868-57a2d4851a1d">
      <Output>
        <ErrorInfo>
          <Message>Test method thoughtworkstests.ItemFactoryTests.SimpleParse threw exception:  System.NullReferenceException: Object reference not set to an instance of an object..</Message>
          <StackTrace>    at thoughtworkstests.ItemFactoryTests.SimpleParse() in C:\Users\Jon\Documents\Projects\thoughtworks\thoughtworkstests\ItemFactoryTests.cs:line 78
</StackTrace>
        </ErrorInfo>
      </Output>
    </UnitTestResult>
  </Results>
</TestRun>