<?xml version="1.0" encoding="UTF-8"?>
<TestRun id="eeddef20-b6b9-406a-9add-b9279e1b91a7" name="Jon@JON-PC 2010-05-05 21:15:00" runUser="Jon-PC\Jon" xmlns="http://microsoft.com/schemas/VisualStudio/TeamTest/2006">
  <TestRunConfiguration name="Local Test Run" id="d07d61b6-265c-4284-a92a-f971a90cc028">
    <Description>This is a default test run configuration for a local test run.</Description>
    <Deployment runDeploymentRoot="C:\Users\Jon\Documents\Projects\thoughtworks\TestResults\Jon_JON-PC 2010-05-05 21_15_00">
      <DeploymentItem filename="C:\Users\Jon\Documents\Projects\thoughtworks\thoughtworks\bin\Debug\thoughtworks.exe" />
    </Deployment>
    <TestTypeSpecific />
  </TestRunConfiguration>
  <ResultSummary outcome="Completed">
    <Counters total="1" executed="1" passed="1" error="0" failed="0" timeout="0" aborted="0" inconclusive="0" passedButRunAborted="0" notRunnable="0" notExecuted="0" disconnected="0" warning="0" completed="0" inProgress="0" pending="0" />
  </ResultSummary>
  <Times creation="2010-05-05T21:15:00.7159287-06:00" queuing="2010-05-05T21:15:02.4410274-06:00" start="2010-05-05T21:15:02.6670403-06:00" finish="2010-05-05T21:15:03.2830756-06:00" />
  <TestDefinitions>
    <UnitTest name="SimpleParse" storage="c:\users\jon\documents\projects\thoughtworks\thoughtworkstests\bin\debug\thoughtworkstests.dll" id="9e2cabc1-6901-56ae-4a55-904eb408255a">
      <Css projectStructure="" iteration="" />
      <Owners>
        <Owner name="" />
      </Owners>
      <Execution id="8a150f27-621b-4df2-a2d2-c9fad93a4233" />
      <TestMethod codeBase="C:\Users\Jon\Documents\Projects\thoughtworks\thoughtworkstests\bin\Debug\thoughtworkstests.dll" adapterTypeName="Microsoft.VisualStudio.TestTools.TestTypes.Unit.UnitTestAdapter, Microsoft.VisualStudio.QualityTools.Tips.UnitTest.Adapter, Version=9.0.0.0, Culture=neutral, PublicKeyToken=b03f5f7f11d50a3a" className="thoughtworkstests.ItemFactoryTests, thoughtworkstests" name="SimpleParse" />
    </UnitTest>
  </TestDefinitions>
  <TestLists>
    <TestList name="Results Not in a List" id="8c84fa94-04c1-424b-9868-57a2d4851a1d" />
    <TestList name="All Loaded Results" id="19431567-8539-422a-85d7-44ee4e166bda" />
  </TestLists>
  <TestEntries>
    <TestEntry testId="9e2cabc1-6901-56ae-4a55-904eb408255a" executionId="8a150f27-621b-4df2-a2d2-c9fad93a4233" testListId="8c84fa94-04c1-424b-9868-57a2d4851a1d" />
  </TestEntries>
  <Results>
    <UnitTestResult executionId="8a150f27-621b-4df2-a2d2-c9fad93a4233" testId="9e2cabc1-6901-56ae-4a55-904eb408255a" testName="SimpleParse" computerName="JON-PC" duration="00:00:00.0178030" startTime="2010-05-05T21:15:02.7680461-06:00" endTime="2010-05-05T21:15:03.2280724-06:00" testType="13cdc9d9-ddb5-4fa4-a97d-d965ccfc6d4b" outcome="Passed" testListId="8c84fa94-04c1-424b-9868-57a2d4851a1d">
      <Output>
      </Output>
    </UnitTestResult>
  </Results>
</TestRun>