<?xml version="1.0" encoding="UTF-8"?>
<TestRun id="0e4bdcd1-e2d5-4a7d-9ba1-4ad58f923dde" name="Jon@JON-PC 2010-05-05 22:21:19" runUser="Jon-PC\Jon" xmlns="http://microsoft.com/schemas/VisualStudio/TeamTest/2006">
  <TestRunConfiguration name="Local Test Run" id="d07d61b6-265c-4284-a92a-f971a90cc028">
    <Description>This is a default test run configuration for a local test run.</Description>
    <Deployment runDeploymentRoot="C:\Users\Jon\Documents\Projects\thoughtworks\TestResults\Jon_JON-PC 2010-05-05 22_21_19">
      <DeploymentItem filename="C:\Users\Jon\Documents\Projects\thoughtworks\thoughtworks\bin\Debug\thoughtworks.exe" />
    </Deployment>
    <TestTypeSpecific />
  </TestRunConfiguration>
  <ResultSummary outcome="Failed">
    <Counters total="8" executed="8" passed="7" error="0" failed="1" timeout="0" aborted="0" inconclusive="0" passedButRunAborted="0" notRunnable="0" notExecuted="0" disconnected="0" warning="0" completed="0" inProgress="0" pending="0" />
  </ResultSummary>
  <Times creation="2010-05-05T22:21:19.5935075-06:00" queuing="2010-05-05T22:21:21.4486136-06:00" start="2010-05-05T22:21:21.6816269-06:00" finish="2010-05-05T22:21:22.5606772-06:00" />
  <TestDefinitions>
    <UnitTest name="SingleItemValueCheck" storage="c:\users\jon\documents\projects\thoughtworks\thoughtworkstests\bin\debug\thoughtworkstests.dll" id="0a5d26c7-35b4-4af3-2da6-e5c39de53a21">
      <Css projectStructure="" iteration="" />
      <Owners>
        <Owner name="" />
      </Owners>
      <Execution id="d9a4435c-5eaf-400f-ad70-f72334aa50ba" />
      <TestMethod codeBase="C:\Users\Jon\Documents\Projects\thoughtworks\thoughtworkstests\bin\Debug\thoughtworkstests.dll" adapterTypeName="Microsoft.VisualStudio.TestTools.TestTypes.Unit.UnitTestAdapter, Microsoft.VisualStudio.QualityTools.Tips.UnitTest.Adapter, Version=9.0.0.0, Culture=neutral, PublicKeyToken=b03f5f7f11d50a3a" className="thoughtworkstests.ItemFactoryTests, thoughtworkstests" name="SingleItemValueCheck" />
    </UnitTest>
    <UnitTest name="SimpleParse" storage="c:\users\jon\documents\projects\thoughtworks\thoughtworkstests\bin\debug\thoughtworkstests.dll" id="9e2cabc1-6901-56ae-4a55-904eb408255a">
      <Css projectStructure="" iteration="" />
      <Owners>
        <Owner name="" />
      </Owners>
      <Execution id="42c87bce-510a-4b45-9519-a91c70303870" />
      <TestMethod codeBase="C:\Users\Jon\Documents\Projects\thoughtworks\thoughtworkstests\bin\Debug\thoughtworkstests.dll" adapterTypeName="Microsoft.VisualStudio.TestTools.TestTypes.Unit.UnitTestAdapter, Microsoft.VisualStudio.QualityTools.Tips.UnitTest.Adapter, Version=9.0.0.0, Culture=neutral, PublicKeyToken=b03f5f7f11d50a3a" className="thoughtworkstests.ItemFactoryTests, thoughtworkstests" name="SimpleParse" />
    </UnitTest>
    <UnitTest name="TwoOfSameItem" storage="c:\users\jon\documents\projects\thoughtworks\thoughtworkstests\bin\debug\thoughtworkstests.dll" id="3929f43f-0cfb-bbb2-de1a-2e827d498aac">
      <Css projectStructure="" iteration="" />
      <Owners>
        <Owner name="" />
      </Owners>
      <Execution id="12305d07-d817-46d1-b8db-76038f9b3e19" />
      <TestMethod codeBase="C:\Users\Jon\Documents\Projects\thoughtworks\thoughtworkstests\bin\Debug\thoughtworkstests.dll" adapterTypeName="Microsoft.VisualStudio.TestTools.TestTypes.Unit.UnitTestAdapter, Microsoft.VisualStudio.QualityTools.Tips.UnitTest.Adapter, Version=9.0.0.0, Culture=neutral, PublicKeyToken=b03f5f7f11d50a3a" className="thoughtworkstests.ItemFactoryTests, thoughtworkstests" name="TwoOfSameItem" />
    </UnitTest>
    <UnitTest name="DoubleItemCountCheck" storage="c:\users\jon\documents\projects\thoughtworks\thoughtworkstests\bin\debug\thoughtworkstests.dll" id="c00c32d9-ecaa-8e12-48ad-c727fe3fc858">
      <Css projectStructure="" iteration="" />
      <Owners>
        <Owner name="" />
      </Owners>
      <Execution id="2c86c5b4-b466-457f-9334-3cd07e4985bf" />
      <TestMethod codeBase="C:\Users\Jon\Documents\Projects\thoughtworks\thoughtworkstests\bin\Debug\thoughtworkstests.dll" adapterTypeName="Microsoft.VisualStudio.TestTools.TestTypes.Unit.UnitTestAdapter, Microsoft.VisualStudio.QualityTools.Tips.UnitTest.Adapter, Version=9.0.0.0, Culture=neutral, PublicKeyToken=b03f5f7f11d50a3a" className="thoughtworkstests.ItemFactoryTests, thoughtworkstests" name="DoubleItemCountCheck" />
    </UnitTest>
    <UnitTest name="DoubleItemEquivalenceCheck" storage="c:\users\jon\documents\projects\thoughtworks\thoughtworkstests\bin\debug\thoughtworkstests.dll" id="81932673-ce34-2cba-ea77-c7170ac48c22">
      <Css projectStructure="" iteration="" />
      <Owners>
        <Owner name="" />
      </Owners>
      <Execution id="298b6f2a-e334-42fe-b014-b3d6460e29f6" />
      <TestMethod codeBase="C:\Users\Jon\Documents\Projects\thoughtworks\thoughtworkstests\bin\Debug\thoughtworkstests.dll" adapterTypeName="Microsoft.VisualStudio.TestTools.TestTypes.Unit.UnitTestAdapter, Microsoft.VisualStudio.QualityTools.Tips.UnitTest.Adapter, Version=9.0.0.0, Culture=neutral, PublicKeyToken=b03f5f7f11d50a3a" className="thoughtworkstests.ItemFactoryTests, thoughtworkstests" name="DoubleItemEquivalenceCheck" />
    </UnitTest>
    <UnitTest name="TwoItemEquivalence" storage="c:\users\jon\documents\projects\thoughtworks\thoughtworkstests\bin\debug\thoughtworkstests.dll" id="2335e0bc-a437-6668-d494-29d9ed88ef62">
      <Css projectStructure="" iteration="" />
      <Owners>
        <Owner name="" />
      </Owners>
      <Execution id="3f4ec360-e41e-48ba-b05a-e36cdcbafceb" />
      <TestMethod codeBase="C:\Users\Jon\Documents\Projects\thoughtworks\thoughtworkstests\bin\Debug\thoughtworkstests.dll" adapterTypeName="Microsoft.VisualStudio.TestTools.TestTypes.Unit.UnitTestAdapter, Microsoft.VisualStudio.QualityTools.Tips.UnitTest.Adapter, Version=9.0.0.0, Culture=neutral, PublicKeyToken=b03f5f7f11d50a3a" className="thoughtworkstests.ItemFactoryTests, thoughtworkstests" name="TwoItemEquivalence" />
    </UnitTest>
    <UnitTest name="DoubleItemValueCheck" storage="c:\users\jon\documents\projects\thoughtworks\thoughtworkstests\bin\debug\thoughtworkstests.dll" id="0b527b6c-9709-e636-6e9a-5b71163b709d">
      <Css projectStructure="" iteration="" />
      <Owners>
        <Owner name="" />
      </Owners>
      <Execution id="3ad17c76-a7f2-4c5f-98ca-3dd4a5a29c86" />
      <TestMethod codeBase="C:\Users\Jon\Documents\Projects\thoughtworks\thoughtworkstests\bin\Debug\thoughtworkstests.dll" adapterTypeName="Microsoft.VisualStudio.TestTools.TestTypes.Unit.UnitTestAdapter, Microsoft.VisualStudio.QualityTools.Tips.UnitTest.Adapter, Version=9.0.0.0, Culture=neutral, PublicKeyToken=b03f5f7f11d50a3a" className="thoughtworkstests.ItemFactoryTests, thoughtworkstests" name="DoubleItemValueCheck" />
    </UnitTest>
    <UnitTest name="ValidateInput1" storage="c:\users\jon\documents\projects\thoughtworks\thoughtworkstests\bin\debug\thoughtworkstests.dll" id="a70727be-a7ab-24c7-a77f-331e2a818cd5">
      <Css projectStructure="" iteration="" />
      <Owners>
        <Owner name="" />
      </Owners>
      <Execution id="d2aa60fe-d82b-4371-a156-8d5bac471959" />
      <TestMethod codeBase="C:\Users\Jon\Documents\Projects\thoughtworks\thoughtworkstests\bin\Debug\thoughtworkstests.dll" adapterTypeName="Microsoft.VisualStudio.TestTools.TestTypes.Unit.UnitTestAdapter, Microsoft.VisualStudio.QualityTools.Tips.UnitTest.Adapter, Version=9.0.0.0, Culture=neutral, PublicKeyToken=b03f5f7f11d50a3a" className="thoughtworkstests.ItemFactoryTests, thoughtworkstests" name="ValidateInput1" />
    </UnitTest>
  </TestDefinitions>
  <TestLists>
    <TestList name="Results Not in a List" id="8c84fa94-04c1-424b-9868-57a2d4851a1d" />
    <TestList name="All Loaded Results" id="19431567-8539-422a-85d7-44ee4e166bda" />
  </TestLists>
  <TestEntries>
    <TestEntry testId="0a5d26c7-35b4-4af3-2da6-e5c39de53a21" executionId="d9a4435c-5eaf-400f-ad70-f72334aa50ba" testListId="8c84fa94-04c1-424b-9868-57a2d4851a1d" />
    <TestEntry testId="0b527b6c-9709-e636-6e9a-5b71163b709d" executionId="3ad17c76-a7f2-4c5f-98ca-3dd4a5a29c86" testListId="8c84fa94-04c1-424b-9868-57a2d4851a1d" />
    <TestEntry testId="2335e0bc-a437-6668-d494-29d9ed88ef62" executionId="3f4ec360-e41e-48ba-b05a-e36cdcbafceb" testListId="8c84fa94-04c1-424b-9868-57a2d4851a1d" />
    <TestEntry testId="3929f43f-0cfb-bbb2-de1a-2e827d498aac" executionId="12305d07-d817-46d1-b8db-76038f9b3e19" testListId="8c84fa94-04c1-424b-9868-57a2d4851a1d" />
    <TestEntry testId="81932673-ce34-2cba-ea77-c7170ac48c22" executionId="298b6f2a-e334-42fe-b014-b3d6460e29f6" testListId="8c84fa94-04c1-424b-9868-57a2d4851a1d" />
    <TestEntry testId="9e2cabc1-6901-56ae-4a55-904eb408255a" executionId="42c87bce-510a-4b45-9519-a91c70303870" testListId="8c84fa94-04c1-424b-9868-57a2d4851a1d" />
    <TestEntry testId="a70727be-a7ab-24c7-a77f-331e2a818cd5" executionId="d2aa60fe-d82b-4371-a156-8d5bac471959" testListId="8c84fa94-04c1-424b-9868-57a2d4851a1d" />
    <TestEntry testId="c00c32d9-ecaa-8e12-48ad-c727fe3fc858" executionId="2c86c5b4-b466-457f-9334-3cd07e4985bf" testListId="8c84fa94-04c1-424b-9868-57a2d4851a1d" />
  </TestEntries>
  <Results>
    <UnitTestResult executionId="d9a4435c-5eaf-400f-ad70-f72334aa50ba" testId="0a5d26c7-35b4-4af3-2da6-e5c39de53a21" testName="SingleItemValueCheck" computerName="JON-PC" duration="00:00:00.0185818" startTime="2010-05-05T22:21:21.8246351-06:00" endTime="2010-05-05T22:21:22.3756666-06:00" testType="13cdc9d9-ddb5-4fa4-a97d-d965ccfc6d4b" outcome="Passed" testListId="8c84fa94-04c1-424b-9868-57a2d4851a1d">
      <Output>
      </Output>
    </UnitTestResult>
    <UnitTestResult executionId="3ad17c76-a7f2-4c5f-98ca-3dd4a5a29c86" testId="0b527b6c-9709-e636-6e9a-5b71163b709d" testName="DoubleItemValueCheck" computerName="JON-PC" duration="00:00:00.0007349" startTime="2010-05-05T22:21:22.3816670-06:00" endTime="2010-05-05T22:21:22.3856672-06:00" testType="13cdc9d9-ddb5-4fa4-a97d-d965ccfc6d4b" outcome="Passed" testListId="8c84fa94-04c1-424b-9868-57a2d4851a1d">
      <Output>
      </Output>
    </UnitTestResult>
    <UnitTestResult executionId="3f4ec360-e41e-48ba-b05a-e36cdcbafceb" testId="2335e0bc-a437-6668-d494-29d9ed88ef62" testName="TwoItemEquivalence" computerName="JON-PC" duration="00:00:00.0014908" startTime="2010-05-05T22:21:22.3916675-06:00" endTime="2010-05-05T22:21:22.3966678-06:00" testType="13cdc9d9-ddb5-4fa4-a97d-d965ccfc6d4b" outcome="Passed" testListId="8c84fa94-04c1-424b-9868-57a2d4851a1d">
      <Output>
      </Output>
    </UnitTestResult>
    <UnitTestResult executionId="12305d07-d817-46d1-b8db-76038f9b3e19" testId="3929f43f-0cfb-bbb2-de1a-2e827d498aac" testName="TwoOfSameItem" computerName="JON-PC" duration="00:00:00.0004031" startTime="2010-05-05T22:21:22.4026682-06:00" endTime="2010-05-05T22:21:22.4056683-06:00" testType="13cdc9d9-ddb5-4fa4-a97d-d965ccfc6d4b" outcome="Passed" testListId="8c84fa94-04c1-424b-9868-57a2d4851a1d">
      <Output>
      </Output>
    </UnitTestResult>
    <UnitTestResult executionId="298b6f2a-e334-42fe-b014-b3d6460e29f6" testId="81932673-ce34-2cba-ea77-c7170ac48c22" testName="DoubleItemEquivalenceCheck" computerName="JON-PC" duration="00:00:00.0006149" startTime="2010-05-05T22:21:22.4106686-06:00" endTime="2010-05-05T22:21:22.4146689-06:00" testType="13cdc9d9-ddb5-4fa4-a97d-d965ccfc6d4b" outcome="Passed" testListId="8c84fa94-04c1-424b-9868-57a2d4851a1d">
      <Output>
      </Output>
    </UnitTestResult>
    <UnitTestResult executionId="42c87bce-510a-4b45-9519-a91c70303870" testId="9e2cabc1-6901-56ae-4a55-904eb408255a" testName="SimpleParse" computerName="JON-PC" duration="00:00:00.0006635" startTime="2010-05-05T22:21:22.4216693-06:00" endTime="2010-05-05T22:21:22.4256695-06:00" testType="13cdc9d9-ddb5-4fa4-a97d-d965ccfc6d4b" outcome="Passed" testListId="8c84fa94-04c1-424b-9868-57a2d4851a1d">
      <Output>
      </Output>
    </UnitTestResult>
    <UnitTestResult executionId="d2aa60fe-d82b-4371-a156-8d5bac471959" testId="a70727be-a7ab-24c7-a77f-331e2a818cd5" testName="ValidateInput1" computerName="JON-PC" duration="00:00:00.0299526" startTime="2010-05-05T22:21:22.4296697-06:00" endTime="2010-05-05T22:21:22.4626716-06:00" testType="13cdc9d9-ddb5-4fa4-a97d-d965ccfc6d4b" outcome="Failed" testListId="8c84fa94-04c1-424b-9868-57a2d4851a1d">
      <Output>
        <ErrorInfo>
          <Message>Test method thoughtworkstests.ItemFactoryTests.ValidateInput1 threw exception:  System.ArgumentException: I can't seem to read:1 chocolate bar at 0.85.</Message>
          <StackTrace>    at thoughtworks.ItemFactory.Parse(Stream stream) in C:\Users\Jon\Documents\Projects\thoughtworks\thoughtworks\Model\ItemFactory.cs:line 75
   at thoughtworkstests.ItemFactoryTests.ValidateInput1() in C:\Users\Jon\Documents\Projects\thoughtworks\thoughtworkstests\ItemFactoryTests.cs:line 203
</StackTrace>
        </ErrorInfo>
      </Output>
    </UnitTestResult>
    <UnitTestResult executionId="2c86c5b4-b466-457f-9334-3cd07e4985bf" testId="c00c32d9-ecaa-8e12-48ad-c727fe3fc858" testName="DoubleItemCountCheck" computerName="JON-PC" duration="00:00:00.0004442" startTime="2010-05-05T22:21:22.4776725-06:00" endTime="2010-05-05T22:21:22.4816727-06:00" testType="13cdc9d9-ddb5-4fa4-a97d-d965ccfc6d4b" outcome="Passed" testListId="8c84fa94-04c1-424b-9868-57a2d4851a1d">
      <Output>
      </Output>
    </UnitTestResult>
  </Results>
</TestRun>