<?xml version="1.0" encoding="UTF-8"?>
<TestRun id="e3d4b123-9762-4cbc-8592-3aa0a492fdc6" name="Jon@JON-PC 2010-05-05 22:11:25" runUser="Jon-PC\Jon" xmlns="http://microsoft.com/schemas/VisualStudio/TeamTest/2006">
  <TestRunConfiguration name="Local Test Run" id="d07d61b6-265c-4284-a92a-f971a90cc028">
    <Description>This is a default test run configuration for a local test run.</Description>
    <Deployment runDeploymentRoot="C:\Users\Jon\Documents\Projects\thoughtworks\TestResults\Jon_JON-PC 2010-05-05 22_11_25">
      <DeploymentItem filename="C:\Users\Jon\Documents\Projects\thoughtworks\thoughtworks\bin\Debug\thoughtworks.exe" />
    </Deployment>
    <TestTypeSpecific />
  </TestRunConfiguration>
  <ResultSummary outcome="Failed">
    <Counters total="5" executed="5" passed="3" error="0" failed="2" timeout="0" aborted="0" inconclusive="0" passedButRunAborted="0" notRunnable="0" notExecuted="0" disconnected="0" warning="0" completed="0" inProgress="0" pending="0" />
  </ResultSummary>
  <Times creation="2010-05-05T22:11:25.3075163-06:00" queuing="2010-05-05T22:11:26.9656111-06:00" start="2010-05-05T22:11:27.1956243-06:00" finish="2010-05-05T22:11:27.8766632-06:00" />
  <TestDefinitions>
    <UnitTest name="SingleItemValueCheck" storage="c:\users\jon\documents\projects\thoughtworks\thoughtworkstests\bin\debug\thoughtworkstests.dll" id="0a5d26c7-35b4-4af3-2da6-e5c39de53a21">
      <Css projectStructure="" iteration="" />
      <Owners>
        <Owner name="" />
      </Owners>
      <Execution id="4f009183-57ea-43da-8257-c1d4b35ab74b" />
      <TestMethod codeBase="C:\Users\Jon\Documents\Projects\thoughtworks\thoughtworkstests\bin\Debug\thoughtworkstests.dll" adapterTypeName="Microsoft.VisualStudio.TestTools.TestTypes.Unit.UnitTestAdapter, Microsoft.VisualStudio.QualityTools.Tips.UnitTest.Adapter, Version=9.0.0.0, Culture=neutral, PublicKeyToken=b03f5f7f11d50a3a" className="thoughtworkstests.ItemFactoryTests, thoughtworkstests" name="SingleItemValueCheck" />
    </UnitTest>
    <UnitTest name="DoubleLineCheck" storage="c:\users\jon\documents\projects\thoughtworks\thoughtworkstests\bin\debug\thoughtworkstests.dll" id="48560c39-3273-c1e7-5c13-6a1005db03ac">
      <Css projectStructure="" iteration="" />
      <Owners>
        <Owner name="" />
      </Owners>
      <Execution id="0628c6d8-9392-43e3-892e-82220e63d888" />
      <TestMethod codeBase="C:\Users\Jon\Documents\Projects\thoughtworks\thoughtworkstests\bin\Debug\thoughtworkstests.dll" adapterTypeName="Microsoft.VisualStudio.TestTools.TestTypes.Unit.UnitTestAdapter, Microsoft.VisualStudio.QualityTools.Tips.UnitTest.Adapter, Version=9.0.0.0, Culture=neutral, PublicKeyToken=b03f5f7f11d50a3a" className="thoughtworkstests.ItemFactoryTests, thoughtworkstests" name="DoubleLineCheck" />
    </UnitTest>
    <UnitTest name="TwoOfSameItem" storage="c:\users\jon\documents\projects\thoughtworks\thoughtworkstests\bin\debug\thoughtworkstests.dll" id="3929f43f-0cfb-bbb2-de1a-2e827d498aac">
      <Css projectStructure="" iteration="" />
      <Owners>
        <Owner name="" />
      </Owners>
      <Execution id="ed954b85-d5b3-40df-bf54-ce5fb7461d91" />
      <TestMethod codeBase="C:\Users\Jon\Documents\Projects\thoughtworks\thoughtworkstests\bin\Debug\thoughtworkstests.dll" adapterTypeName="Microsoft.VisualStudio.TestTools.TestTypes.Unit.UnitTestAdapter, Microsoft.VisualStudio.QualityTools.Tips.UnitTest.Adapter, Version=9.0.0.0, Culture=neutral, PublicKeyToken=b03f5f7f11d50a3a" className="thoughtworkstests.ItemFactoryTests, thoughtworkstests" name="TwoOfSameItem" />
    </UnitTest>
    <UnitTest name="TwoItemEquivalence" storage="c:\users\jon\documents\projects\thoughtworks\thoughtworkstests\bin\debug\thoughtworkstests.dll" id="2335e0bc-a437-6668-d494-29d9ed88ef62">
      <Css projectStructure="" iteration="" />
      <Owners>
        <Owner name="" />
      </Owners>
      <Execution id="2a13c454-69c1-4da1-9288-5fb75302d0e6" />
      <TestMethod codeBase="C:\Users\Jon\Documents\Projects\thoughtworks\thoughtworkstests\bin\Debug\thoughtworkstests.dll" adapterTypeName="Microsoft.VisualStudio.TestTools.TestTypes.Unit.UnitTestAdapter, Microsoft.VisualStudio.QualityTools.Tips.UnitTest.Adapter, Version=9.0.0.0, Culture=neutral, PublicKeyToken=b03f5f7f11d50a3a" className="thoughtworkstests.ItemFactoryTests, thoughtworkstests" name="TwoItemEquivalence" />
    </UnitTest>
    <UnitTest name="SimpleParse" storage="c:\users\jon\documents\projects\thoughtworks\thoughtworkstests\bin\debug\thoughtworkstests.dll" id="9e2cabc1-6901-56ae-4a55-904eb408255a">
      <Css projectStructure="" iteration="" />
      <Owners>
        <Owner name="" />
      </Owners>
      <Execution id="ce583592-ec0f-4a99-93bc-aeabc789c8fb" />
      <TestMethod codeBase="C:\Users\Jon\Documents\Projects\thoughtworks\thoughtworkstests\bin\Debug\thoughtworkstests.dll" adapterTypeName="Microsoft.VisualStudio.TestTools.TestTypes.Unit.UnitTestAdapter, Microsoft.VisualStudio.QualityTools.Tips.UnitTest.Adapter, Version=9.0.0.0, Culture=neutral, PublicKeyToken=b03f5f7f11d50a3a" className="thoughtworkstests.ItemFactoryTests, thoughtworkstests" name="SimpleParse" />
    </UnitTest>
  </TestDefinitions>
  <TestLists>
    <TestList name="Results Not in a List" id="8c84fa94-04c1-424b-9868-57a2d4851a1d" />
    <TestList name="All Loaded Results" id="19431567-8539-422a-85d7-44ee4e166bda" />
  </TestLists>
  <TestEntries>
    <TestEntry testId="0a5d26c7-35b4-4af3-2da6-e5c39de53a21" executionId="4f009183-57ea-43da-8257-c1d4b35ab74b" testListId="8c84fa94-04c1-424b-9868-57a2d4851a1d" />
    <TestEntry testId="2335e0bc-a437-6668-d494-29d9ed88ef62" executionId="2a13c454-69c1-4da1-9288-5fb75302d0e6" testListId="8c84fa94-04c1-424b-9868-57a2d4851a1d" />
    <TestEntry testId="3929f43f-0cfb-bbb2-de1a-2e827d498aac" executionId="ed954b85-d5b3-40df-bf54-ce5fb7461d91" testListId="8c84fa94-04c1-424b-9868-57a2d4851a1d" />
    <TestEntry testId="48560c39-3273-c1e7-5c13-6a1005db03ac" executionId="0628c6d8-9392-43e3-892e-82220e63d888" testListId="8c84fa94-04c1-424b-9868-57a2d4851a1d" />
    <TestEntry testId="9e2cabc1-6901-56ae-4a55-904eb408255a" executionId="ce583592-ec0f-4a99-93bc-aeabc789c8fb" testListId="8c84fa94-04c1-424b-9868-57a2d4851a1d" />
  </TestEntries>
  <Results>
    <UnitTestResult executionId="4f009183-57ea-43da-8257-c1d4b35ab74b" testId="0a5d26c7-35b4-4af3-2da6-e5c39de53a21" testName="SingleItemValueCheck" computerName="JON-PC" duration="00:00:00.0186340" startTime="2010-05-05T22:11:27.2956300-06:00" endTime="2010-05-05T22:11:27.7376553-06:00" testType="13cdc9d9-ddb5-4fa4-a97d-d965ccfc6d4b" outcome="Passed" testListId="8c84fa94-04c1-424b-9868-57a2d4851a1d">
      <Output>
      </Output>
    </UnitTestResult>
    <UnitTestResult executionId="2a13c454-69c1-4da1-9288-5fb75302d0e6" testId="2335e0bc-a437-6668-d494-29d9ed88ef62" testName="TwoItemEquivalence" computerName="JON-PC" duration="00:00:00.0223903" startTime="2010-05-05T22:11:27.7436556-06:00" endTime="2010-05-05T22:11:27.7696571-06:00" testType="13cdc9d9-ddb5-4fa4-a97d-d965ccfc6d4b" outcome="Failed" testListId="8c84fa94-04c1-424b-9868-57a2d4851a1d">
      <Output>
        <ErrorInfo>
          <Message>Assert.AreEqual failed. Expected:&lt;2&gt;. Actual:&lt;1&gt;. </Message>
          <StackTrace>   at thoughtworkstests.ItemFactoryTests.TwoItemEquivalence() in C:\Users\Jon\Documents\Projects\thoughtworks\thoughtworkstests\ItemFactoryTests.cs:line 142
</StackTrace>
        </ErrorInfo>
      </Output>
    </UnitTestResult>
    <UnitTestResult executionId="ed954b85-d5b3-40df-bf54-ce5fb7461d91" testId="3929f43f-0cfb-bbb2-de1a-2e827d498aac" testName="TwoOfSameItem" computerName="JON-PC" duration="00:00:00.0084405" startTime="2010-05-05T22:11:27.7786576-06:00" endTime="2010-05-05T22:11:27.7926584-06:00" testType="13cdc9d9-ddb5-4fa4-a97d-d965ccfc6d4b" outcome="Failed" testListId="8c84fa94-04c1-424b-9868-57a2d4851a1d">
      <Output>
        <ErrorInfo>
          <Message>Assert.AreEqual failed. Expected:&lt;2&gt;. Actual:&lt;1&gt;. </Message>
          <StackTrace>   at thoughtworkstests.ItemFactoryTests.TwoOfSameItem() in C:\Users\Jon\Documents\Projects\thoughtworks\thoughtworkstests\ItemFactoryTests.cs:line 117
</StackTrace>
        </ErrorInfo>
      </Output>
    </UnitTestResult>
    <UnitTestResult executionId="0628c6d8-9392-43e3-892e-82220e63d888" testId="48560c39-3273-c1e7-5c13-6a1005db03ac" testName="DoubleLineCheck" computerName="JON-PC" duration="00:00:00.0004208" startTime="2010-05-05T22:11:27.8046591-06:00" endTime="2010-05-05T22:11:27.8076593-06:00" testType="13cdc9d9-ddb5-4fa4-a97d-d965ccfc6d4b" outcome="Passed" testListId="8c84fa94-04c1-424b-9868-57a2d4851a1d">
      <Output>
      </Output>
    </UnitTestResult>
    <UnitTestResult executionId="ce583592-ec0f-4a99-93bc-aeabc789c8fb" testId="9e2cabc1-6901-56ae-4a55-904eb408255a" testName="SimpleParse" computerName="JON-PC" duration="00:00:00.0004152" startTime="2010-05-05T22:11:27.8126596-06:00" endTime="2010-05-05T22:11:27.8156597-06:00" testType="13cdc9d9-ddb5-4fa4-a97d-d965ccfc6d4b" outcome="Passed" testListId="8c84fa94-04c1-424b-9868-57a2d4851a1d">
      <Output>
      </Output>
    </UnitTestResult>
  </Results>
</TestRun>