<?xml version="1.0" encoding="UTF-8"?>
<TestRun id="f7e50c6c-5a4c-4a42-84da-564a64fcdda7" name="Jon@JON-PC 2010-05-05 22:20:48" runUser="Jon-PC\Jon" xmlns="http://microsoft.com/schemas/VisualStudio/TeamTest/2006">
  <TestRunConfiguration name="Local Test Run" id="d07d61b6-265c-4284-a92a-f971a90cc028">
    <Description>This is a default test run configuration for a local test run.</Description>
    <Deployment runDeploymentRoot="C:\Users\Jon\Documents\Projects\thoughtworks\TestResults\Jon_JON-PC 2010-05-05 22_20_48">
      <DeploymentItem filename="C:\Users\Jon\Documents\Projects\thoughtworks\thoughtworks\bin\Debug\thoughtworks.exe" />
    </Deployment>
    <TestTypeSpecific />
  </TestRunConfiguration>
  <ResultSummary outcome="Failed">
    <Counters total="8" executed="8" passed="5" error="0" failed="3" timeout="0" aborted="0" inconclusive="0" passedButRunAborted="0" notRunnable="0" notExecuted="0" disconnected="0" warning="0" completed="0" inProgress="0" pending="0" />
  </ResultSummary>
  <Times creation="2010-05-05T22:20:48.9677558-06:00" queuing="2010-05-05T22:20:50.8698646-06:00" start="2010-05-05T22:20:51.1048780-06:00" finish="2010-05-05T22:20:52.0099298-06:00" />
  <TestDefinitions>
    <UnitTest name="SingleItemValueCheck" storage="c:\users\jon\documents\projects\thoughtworks\thoughtworkstests\bin\debug\thoughtworkstests.dll" id="0a5d26c7-35b4-4af3-2da6-e5c39de53a21">
      <Css projectStructure="" iteration="" />
      <Owners>
        <Owner name="" />
      </Owners>
      <Execution id="c047c726-ca39-4c0e-92e9-869fadf15b47" />
      <TestMethod codeBase="C:\Users\Jon\Documents\Projects\thoughtworks\thoughtworkstests\bin\Debug\thoughtworkstests.dll" adapterTypeName="Microsoft.VisualStudio.TestTools.TestTypes.Unit.UnitTestAdapter, Microsoft.VisualStudio.QualityTools.Tips.UnitTest.Adapter, Version=9.0.0.0, Culture=neutral, PublicKeyToken=b03f5f7f11d50a3a" className="thoughtworkstests.ItemFactoryTests, thoughtworkstests" name="SingleItemValueCheck" />
    </UnitTest>
    <UnitTest name="SimpleParse" storage="c:\users\jon\documents\projects\thoughtworks\thoughtworkstests\bin\debug\thoughtworkstests.dll" id="9e2cabc1-6901-56ae-4a55-904eb408255a">
      <Css projectStructure="" iteration="" />
      <Owners>
        <Owner name="" />
      </Owners>
      <Execution id="de78af57-935f-4606-a987-c545b070121b" />
      <TestMethod codeBase="C:\Users\Jon\Documents\Projects\thoughtworks\thoughtworkstests\bin\Debug\thoughtworkstests.dll" adapterTypeName="Microsoft.VisualStudio.TestTools.TestTypes.Unit.UnitTestAdapter, Microsoft.VisualStudio.QualityTools.Tips.UnitTest.Adapter, Version=9.0.0.0, Culture=neutral, PublicKeyToken=b03f5f7f11d50a3a" className="thoughtworkstests.ItemFactoryTests, thoughtworkstests" name="SimpleParse" />
    </UnitTest>
    <UnitTest name="TwoOfSameItem" storage="c:\users\jon\documents\projects\thoughtworks\thoughtworkstests\bin\debug\thoughtworkstests.dll" id="3929f43f-0cfb-bbb2-de1a-2e827d498aac">
      <Css projectStructure="" iteration="" />
      <Owners>
        <Owner name="" />
      </Owners>
      <Execution id="abff0788-3396-4ec2-a7fe-c42b894aac89" />
      <TestMethod codeBase="C:\Users\Jon\Documents\Projects\thoughtworks\thoughtworkstests\bin\Debug\thoughtworkstests.dll" adapterTypeName="Microsoft.VisualStudio.TestTools.TestTypes.Unit.UnitTestAdapter, Microsoft.VisualStudio.QualityTools.Tips.UnitTest.Adapter, Version=9.0.0.0, Culture=neutral, PublicKeyToken=b03f5f7f11d50a3a" className="thoughtworkstests.ItemFactoryTests, thoughtworkstests" name="TwoOfSameItem" />
    </UnitTest>
    <UnitTest name="DoubleItemCountCheck" storage="c:\users\jon\documents\projects\thoughtworks\thoughtworkstests\bin\debug\thoughtworkstests.dll" id="c00c32d9-ecaa-8e12-48ad-c727fe3fc858">
      <Css projectStructure="" iteration="" />
      <Owners>
        <Owner name="" />
      </Owners>
      <Execution id="56c6a44b-e6aa-412d-bb79-6ab2ccdfc303" />
      <TestMethod codeBase="C:\Users\Jon\Documents\Projects\thoughtworks\thoughtworkstests\bin\Debug\thoughtworkstests.dll" adapterTypeName="Microsoft.VisualStudio.TestTools.TestTypes.Unit.UnitTestAdapter, Microsoft.VisualStudio.QualityTools.Tips.UnitTest.Adapter, Version=9.0.0.0, Culture=neutral, PublicKeyToken=b03f5f7f11d50a3a" className="thoughtworkstests.ItemFactoryTests, thoughtworkstests" name="DoubleItemCountCheck" />
    </UnitTest>
    <UnitTest name="DoubleItemEquivalenceCheck" storage="c:\users\jon\documents\projects\thoughtworks\thoughtworkstests\bin\debug\thoughtworkstests.dll" id="81932673-ce34-2cba-ea77-c7170ac48c22">
      <Css projectStructure="" iteration="" />
      <Owners>
        <Owner name="" />
      </Owners>
      <Execution id="d9a3bad2-ed8f-43d2-9d90-cdfb78a4d2ee" />
      <TestMethod codeBase="C:\Users\Jon\Documents\Projects\thoughtworks\thoughtworkstests\bin\Debug\thoughtworkstests.dll" adapterTypeName="Microsoft.VisualStudio.TestTools.TestTypes.Unit.UnitTestAdapter, Microsoft.VisualStudio.QualityTools.Tips.UnitTest.Adapter, Version=9.0.0.0, Culture=neutral, PublicKeyToken=b03f5f7f11d50a3a" className="thoughtworkstests.ItemFactoryTests, thoughtworkstests" name="DoubleItemEquivalenceCheck" />
    </UnitTest>
    <UnitTest name="TwoItemEquivalence" storage="c:\users\jon\documents\projects\thoughtworks\thoughtworkstests\bin\debug\thoughtworkstests.dll" id="2335e0bc-a437-6668-d494-29d9ed88ef62">
      <Css projectStructure="" iteration="" />
      <Owners>
        <Owner name="" />
      </Owners>
      <Execution id="dcad785e-ed30-4422-928a-06d83ac7a679" />
      <TestMethod codeBase="C:\Users\Jon\Documents\Projects\thoughtworks\thoughtworkstests\bin\Debug\thoughtworkstests.dll" adapterTypeName="Microsoft.VisualStudio.TestTools.TestTypes.Unit.UnitTestAdapter, Microsoft.VisualStudio.QualityTools.Tips.UnitTest.Adapter, Version=9.0.0.0, Culture=neutral, PublicKeyToken=b03f5f7f11d50a3a" className="thoughtworkstests.ItemFactoryTests, thoughtworkstests" name="TwoItemEquivalence" />
    </UnitTest>
    <UnitTest name="DoubleItemValueCheck" storage="c:\users\jon\documents\projects\thoughtworks\thoughtworkstests\bin\debug\thoughtworkstests.dll" id="0b527b6c-9709-e636-6e9a-5b71163b709d">
      <Css projectStructure="" iteration="" />
      <Owners>
        <Owner name="" />
      </Owners>
      <Execution id="9192321f-7a95-426d-8428-8ca841a449be" />
      <TestMethod codeBase="C:\Users\Jon\Documents\Projects\thoughtworks\thoughtworkstests\bin\Debug\thoughtworkstests.dll" adapterTypeName="Microsoft.VisualStudio.TestTools.TestTypes.Unit.UnitTestAdapter, Microsoft.VisualStudio.QualityTools.Tips.UnitTest.Adapter, Version=9.0.0.0, Culture=neutral, PublicKeyToken=b03f5f7f11d50a3a" className="thoughtworkstests.ItemFactoryTests, thoughtworkstests" name="DoubleItemValueCheck" />
    </UnitTest>
    <UnitTest name="ValidateInput1" storage="c:\users\jon\documents\projects\thoughtworks\thoughtworkstests\bin\debug\thoughtworkstests.dll" id="a70727be-a7ab-24c7-a77f-331e2a818cd5">
      <Css projectStructure="" iteration="" />
      <Owners>
        <Owner name="" />
      </Owners>
      <Execution id="c4d79043-cbea-4a34-b58d-bd9007274dd9" />
      <TestMethod codeBase="C:\Users\Jon\Documents\Projects\thoughtworks\thoughtworkstests\bin\Debug\thoughtworkstests.dll" adapterTypeName="Microsoft.VisualStudio.TestTools.TestTypes.Unit.UnitTestAdapter, Microsoft.VisualStudio.QualityTools.Tips.UnitTest.Adapter, Version=9.0.0.0, Culture=neutral, PublicKeyToken=b03f5f7f11d50a3a" className="thoughtworkstests.ItemFactoryTests, thoughtworkstests" name="ValidateInput1" />
    </UnitTest>
  </TestDefinitions>
  <TestLists>
    <TestList name="Results Not in a List" id="8c84fa94-04c1-424b-9868-57a2d4851a1d" />
    <TestList name="All Loaded Results" id="19431567-8539-422a-85d7-44ee4e166bda" />
  </TestLists>
  <TestEntries>
    <TestEntry testId="0a5d26c7-35b4-4af3-2da6-e5c39de53a21" executionId="c047c726-ca39-4c0e-92e9-869fadf15b47" testListId="8c84fa94-04c1-424b-9868-57a2d4851a1d" />
    <TestEntry testId="0b527b6c-9709-e636-6e9a-5b71163b709d" executionId="9192321f-7a95-426d-8428-8ca841a449be" testListId="8c84fa94-04c1-424b-9868-57a2d4851a1d" />
    <TestEntry testId="2335e0bc-a437-6668-d494-29d9ed88ef62" executionId="dcad785e-ed30-4422-928a-06d83ac7a679" testListId="8c84fa94-04c1-424b-9868-57a2d4851a1d" />
    <TestEntry testId="3929f43f-0cfb-bbb2-de1a-2e827d498aac" executionId="abff0788-3396-4ec2-a7fe-c42b894aac89" testListId="8c84fa94-04c1-424b-9868-57a2d4851a1d" />
    <TestEntry testId="81932673-ce34-2cba-ea77-c7170ac48c22" executionId="d9a3bad2-ed8f-43d2-9d90-cdfb78a4d2ee" testListId="8c84fa94-04c1-424b-9868-57a2d4851a1d" />
    <TestEntry testId="9e2cabc1-6901-56ae-4a55-904eb408255a" executionId="de78af57-935f-4606-a987-c545b070121b" testListId="8c84fa94-04c1-424b-9868-57a2d4851a1d" />
    <TestEntry testId="a70727be-a7ab-24c7-a77f-331e2a818cd5" executionId="c4d79043-cbea-4a34-b58d-bd9007274dd9" testListId="8c84fa94-04c1-424b-9868-57a2d4851a1d" />
    <TestEntry testId="c00c32d9-ecaa-8e12-48ad-c727fe3fc858" executionId="56c6a44b-e6aa-412d-bb79-6ab2ccdfc303" testListId="8c84fa94-04c1-424b-9868-57a2d4851a1d" />
  </TestEntries>
  <Results>
    <UnitTestResult executionId="c047c726-ca39-4c0e-92e9-869fadf15b47" testId="0a5d26c7-35b4-4af3-2da6-e5c39de53a21" testName="SingleItemValueCheck" computerName="JON-PC" duration="00:00:00.0189859" startTime="2010-05-05T22:20:51.2968890-06:00" endTime="2010-05-05T22:20:51.7859170-06:00" testType="13cdc9d9-ddb5-4fa4-a97d-d965ccfc6d4b" outcome="Passed" testListId="8c84fa94-04c1-424b-9868-57a2d4851a1d">
      <Output>
      </Output>
    </UnitTestResult>
    <UnitTestResult executionId="9192321f-7a95-426d-8428-8ca841a449be" testId="0b527b6c-9709-e636-6e9a-5b71163b709d" testName="DoubleItemValueCheck" computerName="JON-PC" duration="00:00:00.0008221" startTime="2010-05-05T22:20:51.8079183-06:00" endTime="2010-05-05T22:20:51.8129185-06:00" testType="13cdc9d9-ddb5-4fa4-a97d-d965ccfc6d4b" outcome="Passed" testListId="8c84fa94-04c1-424b-9868-57a2d4851a1d">
      <Output>
      </Output>
    </UnitTestResult>
    <UnitTestResult executionId="dcad785e-ed30-4422-928a-06d83ac7a679" testId="2335e0bc-a437-6668-d494-29d9ed88ef62" testName="TwoItemEquivalence" computerName="JON-PC" duration="00:00:00.0238144" startTime="2010-05-05T22:20:51.8199189-06:00" endTime="2010-05-05T22:20:51.8469205-06:00" testType="13cdc9d9-ddb5-4fa4-a97d-d965ccfc6d4b" outcome="Failed" testListId="8c84fa94-04c1-424b-9868-57a2d4851a1d">
      <Output>
        <ErrorInfo>
          <Message>Assert.AreEqual failed. Expected:&lt;2&gt;. Actual:&lt;1&gt;. </Message>
          <StackTrace>   at thoughtworkstests.ItemFactoryTests.TwoItemEquivalence() in C:\Users\Jon\Documents\Projects\thoughtworks\thoughtworkstests\ItemFactoryTests.cs:line 178
</StackTrace>
        </ErrorInfo>
      </Output>
    </UnitTestResult>
    <UnitTestResult executionId="abff0788-3396-4ec2-a7fe-c42b894aac89" testId="3929f43f-0cfb-bbb2-de1a-2e827d498aac" testName="TwoOfSameItem" computerName="JON-PC" duration="00:00:00.0089299" startTime="2010-05-05T22:20:51.8579211-06:00" endTime="2010-05-05T22:20:51.8699218-06:00" testType="13cdc9d9-ddb5-4fa4-a97d-d965ccfc6d4b" outcome="Failed" testListId="8c84fa94-04c1-424b-9868-57a2d4851a1d">
      <Output>
        <ErrorInfo>
          <Message>Assert.AreEqual failed. Expected:&lt;2&gt;. Actual:&lt;1&gt;. </Message>
          <StackTrace>   at thoughtworkstests.ItemFactoryTests.TwoOfSameItem() in C:\Users\Jon\Documents\Projects\thoughtworks\thoughtworkstests\ItemFactoryTests.cs:line 119
</StackTrace>
        </ErrorInfo>
      </Output>
    </UnitTestResult>
    <UnitTestResult executionId="d9a3bad2-ed8f-43d2-9d90-cdfb78a4d2ee" testId="81932673-ce34-2cba-ea77-c7170ac48c22" testName="DoubleItemEquivalenceCheck" computerName="JON-PC" duration="00:00:00.0013928" startTime="2010-05-05T22:20:51.8779223-06:00" endTime="2010-05-05T22:20:51.8839226-06:00" testType="13cdc9d9-ddb5-4fa4-a97d-d965ccfc6d4b" outcome="Passed" testListId="8c84fa94-04c1-424b-9868-57a2d4851a1d">
      <Output>
      </Output>
    </UnitTestResult>
    <UnitTestResult executionId="de78af57-935f-4606-a987-c545b070121b" testId="9e2cabc1-6901-56ae-4a55-904eb408255a" testName="SimpleParse" computerName="JON-PC" duration="00:00:00.0004134" startTime="2010-05-05T22:20:51.8889229-06:00" endTime="2010-05-05T22:20:51.8939232-06:00" testType="13cdc9d9-ddb5-4fa4-a97d-d965ccfc6d4b" outcome="Passed" testListId="8c84fa94-04c1-424b-9868-57a2d4851a1d">
      <Output>
      </Output>
    </UnitTestResult>
    <UnitTestResult executionId="c4d79043-cbea-4a34-b58d-bd9007274dd9" testId="a70727be-a7ab-24c7-a77f-331e2a818cd5" testName="ValidateInput1" computerName="JON-PC" duration="00:00:00.0233104" startTime="2010-05-05T22:20:51.8999235-06:00" endTime="2010-05-05T22:20:51.9269251-06:00" testType="13cdc9d9-ddb5-4fa4-a97d-d965ccfc6d4b" outcome="Failed" testListId="8c84fa94-04c1-424b-9868-57a2d4851a1d">
      <Output>
        <ErrorInfo>
          <Message>Test method thoughtworkstests.ItemFactoryTests.ValidateInput1 threw exception:  System.ArgumentException: I can't seem to read:1 chocolate bar at 0.85.</Message>
          <StackTrace>    at thoughtworks.ItemFactory.Parse(Stream stream) in C:\Users\Jon\Documents\Projects\thoughtworks\thoughtworks\Model\ItemFactory.cs:line 75
   at thoughtworkstests.ItemFactoryTests.ValidateInput1() in C:\Users\Jon\Documents\Projects\thoughtworks\thoughtworkstests\ItemFactoryTests.cs:line 203
</StackTrace>
        </ErrorInfo>
      </Output>
    </UnitTestResult>
    <UnitTestResult executionId="56c6a44b-e6aa-412d-bb79-6ab2ccdfc303" testId="c00c32d9-ecaa-8e12-48ad-c727fe3fc858" testName="DoubleItemCountCheck" computerName="JON-PC" duration="00:00:00.0004325" startTime="2010-05-05T22:20:51.9349255-06:00" endTime="2010-05-05T22:20:51.9389257-06:00" testType="13cdc9d9-ddb5-4fa4-a97d-d965ccfc6d4b" outcome="Passed" testListId="8c84fa94-04c1-424b-9868-57a2d4851a1d">
      <Output>
      </Output>
    </UnitTestResult>
  </Results>
</TestRun>